app/build/intermediates/manifest_merge_blame_file/release/processReleaseMainManifest/manifest-merger-blame-release-report.txt
1<?xml version="1.0" encoding="utf-8"?>
2<manifest xmlns:android="http://schemas.android.com/apk/res/android"
3    package="com.Trachtenberg.jacob.v2"
4    android:versionCode="1"
5    android:versionName="1.0" >
6
7    <uses-sdk
8        android:minSdkVersion="24"
9        android:targetSdkVersion="34" />
10
11    <permission
11-->[androidx.core:core:1.9.0] AndroidManifest.xml:22:5-24:47
12        android:name="com.Trachtenberg.jacob.v2.DYNAMIC_RECEIVER_NOT_EXPORTED_PERMISSION"
12-->[androidx.core:core:1.9.0] AndroidManifest.xml:23:9-81
13        android:protectionLevel="signature" />
13-->[androidx.core:core:1.9.0] AndroidManifest.xml:24:9-44
14
15    <uses-permission android:name="com.Trachtenberg.jacob.v2.DYNAMIC_RECEIVER_NOT_EXPORTED_PERMISSION" />
15-->[androidx.core:core:1.9.0] AndroidManifest.xml:26:5-97
15-->[androidx.core:core:1.9.0] AndroidManifest.xml:26:22-94
16
17    <application
17-->src/main/AndroidManifest.xml:3:5-21:19
18        android:allowBackup="true"
18-->src/main/AndroidManifest.xml:4:9-35
19        android:appComponentFactory="androidx.core.app.CoreComponentFactory"
19-->[androidx.core:core:1.9.0] AndroidManifest.xml:28:18-86
20        android:extractNativeLibs="false"
21        android:icon="@mipmap/ic_launcher"
21-->src/main/AndroidManifest.xml:6:9-43
22        android:label="Trachtenberg Technique"
22-->src/main/AndroidManifest.xml:5:9-47
23        android:theme="@style/Theme.TTV2" >
23-->src/main/AndroidManifest.xml:7:9-42
24        <activity android:name="com.Trachtenberg.jacob.v2.MainActivity" />
24-->src/main/AndroidManifest.xml:9:9-49
24-->src/main/AndroidManifest.xml:9:19-47
25
26        <!-- Splash / launcher entry -->
27        <activity
27-->src/main/AndroidManifest.xml:12:9-20:20
28            android:name="com.Trachtenberg.jacob.v2.SplashActivity"
28-->src/main/AndroidManifest.xml:13:13-43
29            android:exported="true"
29-->src/main/AndroidManifest.xml:15:13-36
30            android:theme="@style/Theme.TTV2.Launcher" >
30-->src/main/AndroidManifest.xml:14:13-55
31            <intent-filter>
31-->src/main/AndroidManifest.xml:16:13-19:29
32                <action android:name="android.intent.action.MAIN" />
32-->src/main/AndroidManifest.xml:17:17-70
32-->src/main/AndroidManifest.xml:17:27-68
33
34                <category android:name="android.intent.category.LAUNCHER" />
34-->src/main/AndroidManifest.xml:18:17-76
34-->src/main/AndroidManifest.xml:18:27-74
35            </intent-filter>
36        </activity>
37
38        <provider
38-->[androidx.emoji2:emoji2:1.2.0] AndroidManifest.xml:24:9-32:20
39            android:name="androidx.startup.InitializationProvider"
39-->[androidx.emoji2:emoji2:1.2.0] AndroidManifest.xml:25:13-67
40            android:authorities="com.Trachtenberg.jacob.v2.androidx-startup"
40-->[androidx.emoji2:emoji2:1.2.0] AndroidManifest.xml:26:13-68
41            android:exported="false" >
41-->[androidx.emoji2:emoji2:1.2.0] AndroidManifest.xml:27:13-37
42            <meta-data
42-->[androidx.emoji2:emoji2:1.2.0] AndroidManifest.xml:29:13-31:52
43                android:name="androidx.emoji2.text.EmojiCompatInitializer"
43-->[androidx.emoji2:emoji2:1.2.0] AndroidManifest.xml:30:17-75
44                android:value="androidx.startup" />
44-->[androidx.emoji2:emoji2:1.2.0] AndroidManifest.xml:31:17-49
45            <meta-data
45-->[androidx.lifecycle:lifecycle-process:2.6.1] AndroidManifest.xml:29:13-31:52
46                android:name="androidx.lifecycle.ProcessLifecycleInitializer"
46-->[androidx.lifecycle:lifecycle-process:2.6.1] AndroidManifest.xml:30:17-78
47                android:value="androidx.startup" />
47-->[androidx.lifecycle:lifecycle-process:2.6.1] AndroidManifest.xml:31:17-49
48            <meta-data
48-->[androidx.profileinstaller:profileinstaller:1.3.0] AndroidManifest.xml:29:13-31:52
49                android:name="androidx.profileinstaller.ProfileInstallerInitializer"
49-->[androidx.profileinstaller:profileinstaller:1.3.0] AndroidManifest.xml:30:17-85
50                android:value="androidx.startup" />
50-->[androidx.profileinstaller:profileinstaller:1.3.0] AndroidManifest.xml:31:17-49
51        </provider>
52
53        <receiver
53-->[androidx.profileinstaller:profileinstaller:1.3.0] AndroidManifest.xml:34:9-52:20
54            android:name="androidx.profileinstaller.ProfileInstallReceiver"
54-->[androidx.profileinstaller:profileinstaller:1.3.0] AndroidManifest.xml:35:13-76
55            android:directBootAware="false"
55-->[androidx.profileinstaller:profileinstaller:1.3.0] AndroidManifest.xml:36:13-44
56            android:enabled="true"
56-->[androidx.profileinstaller:profileinstaller:1.3.0] AndroidManifest.xml:37:13-35
57            android:exported="true"
57-->[androidx.profileinstaller:profileinstaller:1.3.0] AndroidManifest.xml:38:13-36
58            android:permission="android.permission.DUMP" >
58-->[androidx.profileinstaller:profileinstaller:1.3.0] AndroidManifest.xml:39:13-57
59            <intent-filter>
59-->[androidx.profileinstaller:profileinstaller:1.3.0] AndroidManifest.xml:40:13-42:29
60                <action android:name="androidx.profileinstaller.action.INSTALL_PROFILE" />
60-->[androidx.profileinstaller:profileinstaller:1.3.0] AndroidManifest.xml:41:17-91
60-->[androidx.profileinstaller:profileinstaller:1.3.0] AndroidManifest.xml:41:25-88
61            </intent-filter>
62            <intent-filter>
62-->[androidx.profileinstaller:profileinstaller:1.3.0] AndroidManifest.xml:43:13-45:29
63                <action android:name="androidx.profileinstaller.action.SKIP_FILE" />
63-->[androidx.profileinstaller:profileinstaller:1.3.0] AndroidManifest.xml:44:17-85
63-->[androidx.profileinstaller:profileinstaller:1.3.0] AndroidManifest.xml:44:25-82
64            </intent-filter>
65            <intent-filter>
65-->[androidx.profileinstaller:profileinstaller:1.3.0] AndroidManifest.xml:46:13-48:29
66                <action android:name="androidx.profileinstaller.action.SAVE_PROFILE" />
66-->[androidx.profileinstaller:profileinstaller:1.3.0] AndroidManifest.xml:47:17-88
66-->[androidx.profileinstaller:profileinstaller:1.3.0] AndroidManifest.xml:47:25-85
67            </intent-filter>
68            <intent-filter>
68-->[androidx.profileinstaller:profileinstaller:1.3.0] AndroidManifest.xml:49:13-51:29
69                <action android:name="androidx.profileinstaller.action.BENCHMARK_OPERATION" />
69-->[androidx.profileinstaller:profileinstaller:1.3.0] AndroidManifest.xml:50:17-95
69-->[androidx.profileinstaller:profileinstaller:1.3.0] AndroidManifest.xml:50:25-92
70            </intent-filter>
71        </receiver>
72    </application>
73
74</manifest>